{"/Users/sninjo/Desktop/GoMore/file_logger/src/index.ts": {"path":"/Users/sninjo/Desktop/GoMore/file_logger/src/index.ts","statementMap":{"0":{"start":{"line":21,"column":0},"end":{"line":21,"column":16}},"1":{"start":{"line":35,"column":0},"end":{"line":35,"column":16}},"2":{"start":{"line":46,"column":0},"end":{"line":46,"column":16}},"3":{"start":{"line":61,"column":0},"end":{"line":61,"column":16}},"4":{"start":{"line":75,"column":0},"end":{"line":75,"column":16}},"5":{"start":{"line":96,"column":0},"end":{"line":96,"column":16}},"6":{"start":{"line":1,"column":0},"end":{"line":1,"column":28}},"7":{"start":{"line":3,"column":20},"end":{"line":3,"column":25}},"8":{"start":{"line":6,"column":13},"end":{"line":6,"column":40}},"9":{"start":{"line":22,"column":4},"end":{"line":22,"column":34}},"10":{"start":{"line":23,"column":4},"end":{"line":23,"column":44}},"11":{"start":{"line":24,"column":4},"end":{"line":24,"column":34}},"12":{"start":{"line":25,"column":4},"end":{"line":25,"column":26}},"13":{"start":{"line":27,"column":4},"end":{"line":27,"column":25}},"14":{"start":{"line":28,"column":4},"end":{"line":28,"column":35}},"15":{"start":{"line":29,"column":4},"end":{"line":29,"column":47}},"16":{"start":{"line":30,"column":4},"end":{"line":30,"column":35}},"17":{"start":{"line":31,"column":4},"end":{"line":31,"column":35}},"18":{"start":{"line":32,"column":4},"end":{"line":32,"column":39}},"19":{"start":{"line":33,"column":4},"end":{"line":33,"column":33}},"20":{"start":{"line":36,"column":4},"end":{"line":36,"column":26}},"21":{"start":{"line":41,"column":8},"end":{"line":41,"column":23}},"22":{"start":{"line":42,"column":8},"end":{"line":42,"column":34}},"23":{"start":{"line":39,"column":0},"end":{"line":39,"column":13}},"24":{"start":{"line":47,"column":4},"end":{"line":49,"column":5}},"25":{"start":{"line":48,"column":8},"end":{"line":48,"column":71}},"26":{"start":{"line":51,"column":21},"end":{"line":51,"column":32}},"27":{"start":{"line":52,"column":20},"end":{"line":52,"column":64}},"28":{"start":{"line":53,"column":4},"end":{"line":58,"column":5}},"29":{"start":{"line":54,"column":8},"end":{"line":54,"column":29}},"30":{"start":{"line":55,"column":8},"end":{"line":55,"column":54}},"31":{"start":{"line":57,"column":8},"end":{"line":57,"column":84}},"32":{"start":{"line":62,"column":4},"end":{"line":64,"column":5}},"33":{"start":{"line":63,"column":8},"end":{"line":63,"column":58}},"34":{"start":{"line":65,"column":4},"end":{"line":67,"column":5}},"35":{"start":{"line":66,"column":8},"end":{"line":66,"column":15}},"36":{"start":{"line":69,"column":22},"end":{"line":69,"column":92}},"37":{"start":{"line":69,"column":58},"end":{"line":69,"column":91}},"38":{"start":{"line":70,"column":4},"end":{"line":73,"column":53}},"39":{"start":{"line":73,"column":31},"end":{"line":73,"column":51}},"40":{"start":{"line":76,"column":4},"end":{"line":78,"column":5}},"41":{"start":{"line":77,"column":8},"end":{"line":77,"column":71}},"42":{"start":{"line":80,"column":4},"end":{"line":94,"column":5}},"43":{"start":{"line":81,"column":8},"end":{"line":89,"column":9}},"44":{"start":{"line":82,"column":29},"end":{"line":82,"column":72}},"45":{"start":{"line":83,"column":12},"end":{"line":83,"column":33}},"46":{"start":{"line":84,"column":12},"end":{"line":84,"column":51}},"47":{"start":{"line":85,"column":12},"end":{"line":85,"column":30}},"48":{"start":{"line":87,"column":12},"end":{"line":87,"column":24}},"49":{"start":{"line":88,"column":12},"end":{"line":88,"column":34}},"50":{"start":{"line":91,"column":8},"end":{"line":91,"column":59}},"51":{"start":{"line":93,"column":8},"end":{"line":93,"column":73}},"52":{"start":{"line":97,"column":4},"end":{"line":99,"column":5}},"53":{"start":{"line":98,"column":8},"end":{"line":98,"column":58}},"54":{"start":{"line":101,"column":20},"end":{"line":101,"column":64}},"55":{"start":{"line":102,"column":4},"end":{"line":102,"column":42}},"56":{"start":{"line":103,"column":4},"end":{"line":105,"column":5}},"57":{"start":{"line":104,"column":8},"end":{"line":104,"column":16}}},"fnMap":{"0":{"name":"initialize","decl":{"start":{"line":21,"column":16},"end":{"line":21,"column":26}},"loc":{"start":{"line":21,"column":41},"end":{"line":34,"column":1}}},"1":{"name":"close","decl":{"start":{"line":35,"column":16},"end":{"line":35,"column":21}},"loc":{"start":{"line":35,"column":21},"end":{"line":37,"column":1}}},"2":{"name":"(anonymous_3)","decl":{"start":{"line":40,"column":4},"end":{"line":40,"column":16}},"loc":{"start":{"line":40,"column":23},"end":{"line":43,"column":5}}},"3":{"name":"error","decl":{"start":{"line":46,"column":16},"end":{"line":46,"column":21}},"loc":{"start":{"line":46,"column":37},"end":{"line":59,"column":1}}},"4":{"name":"rollback","decl":{"start":{"line":61,"column":16},"end":{"line":61,"column":24}},"loc":{"start":{"line":61,"column":38},"end":{"line":74,"column":1}}},"5":{"name":"(anonymous_6)","decl":{"start":{"line":69,"column":44},"end":{"line":69,"column":45}},"loc":{"start":{"line":69,"column":58},"end":{"line":69,"column":91}}},"6":{"name":"(anonymous_7)","decl":{"start":{"line":73,"column":17},"end":{"line":73,"column":18}},"loc":{"start":{"line":73,"column":31},"end":{"line":73,"column":51}}},"7":{"name":"flush","decl":{"start":{"line":75,"column":16},"end":{"line":75,"column":21}},"loc":{"start":{"line":75,"column":36},"end":{"line":95,"column":1}}},"8":{"name":"log","decl":{"start":{"line":96,"column":16},"end":{"line":96,"column":19}},"loc":{"start":{"line":96,"column":35},"end":{"line":106,"column":1}}}},"branchMap":{"0":{"loc":{"start":{"line":47,"column":4},"end":{"line":49,"column":5}},"type":"if","locations":[{"start":{"line":47,"column":4},"end":{"line":49,"column":5}}]},"1":{"loc":{"start":{"line":62,"column":4},"end":{"line":64,"column":5}},"type":"if","locations":[{"start":{"line":62,"column":4},"end":{"line":64,"column":5}}]},"2":{"loc":{"start":{"line":65,"column":4},"end":{"line":67,"column":5}},"type":"if","locations":[{"start":{"line":65,"column":4},"end":{"line":67,"column":5}}]},"3":{"loc":{"start":{"line":75,"column":22},"end":{"line":75,"column":36}},"type":"default-arg","locations":[{"start":{"line":75,"column":35},"end":{"line":75,"column":36}}]},"4":{"loc":{"start":{"line":76,"column":4},"end":{"line":78,"column":5}},"type":"if","locations":[{"start":{"line":76,"column":4},"end":{"line":78,"column":5}}]},"5":{"loc":{"start":{"line":80,"column":4},"end":{"line":94,"column":5}},"type":"if","locations":[{"start":{"line":80,"column":4},"end":{"line":94,"column":5}},{"start":{"line":92,"column":11},"end":{"line":94,"column":5}}]},"6":{"loc":{"start":{"line":97,"column":4},"end":{"line":99,"column":5}},"type":"if","locations":[{"start":{"line":97,"column":4},"end":{"line":99,"column":5}}]},"7":{"loc":{"start":{"line":103,"column":4},"end":{"line":105,"column":5}},"type":"if","locations":[{"start":{"line":103,"column":4},"end":{"line":105,"column":5}}]}},"s":{"0":1,"1":1,"2":1,"3":1,"4":1,"5":1,"6":1,"7":1,"8":1,"9":12,"10":12,"11":12,"12":12,"13":12,"14":12,"15":12,"16":12,"17":12,"18":12,"19":12,"20":16,"21":7,"22":7,"23":1,"24":4,"25":1,"26":3,"27":3,"28":3,"29":3,"30":2,"31":2,"32":14,"33":1,"34":13,"35":6,"36":7,"37":20,"38":7,"39":8,"40":11,"41":1,"42":10,"43":9,"44":9,"45":9,"46":5,"47":5,"48":4,"49":4,"50":6,"51":1,"52":6,"53":1,"54":5,"55":5,"56":5,"57":1},"f":{"0":12,"1":16,"2":7,"3":4,"4":14,"5":20,"6":8,"7":11,"8":6},"b":{"0":[1],"1":[1],"2":[6],"3":[2],"4":[1],"5":[9,1],"6":[1],"7":[1]}}
}
