TN:
SF:src/index.ts
FN:21,initialize
FN:35,close
FN:40,(anonymous_3)
FN:46,error
FN:61,rollback
FN:69,(anonymous_6)
FN:73,(anonymous_7)
FN:75,flush
FN:96,log
FNF:9
FNH:9
FNDA:12,initialize
FNDA:16,close
FNDA:7,(anonymous_3)
FNDA:4,error
FNDA:14,rollback
FNDA:20,(anonymous_6)
FNDA:8,(anonymous_7)
FNDA:11,flush
FNDA:6,log
DA:1,1
DA:3,1
DA:6,1
DA:21,1
DA:22,12
DA:23,12
DA:24,12
DA:25,12
DA:27,12
DA:28,12
DA:29,12
DA:30,12
DA:31,12
DA:32,12
DA:33,12
DA:35,1
DA:36,16
DA:39,1
DA:41,7
DA:42,7
DA:46,1
DA:47,4
DA:48,1
DA:51,3
DA:52,3
DA:53,3
DA:54,3
DA:55,2
DA:57,2
DA:61,1
DA:62,14
DA:63,1
DA:65,13
DA:66,6
DA:69,20
DA:70,7
DA:73,8
DA:75,1
DA:76,11
DA:77,1
DA:80,10
DA:81,9
DA:82,9
DA:83,9
DA:84,5
DA:85,5
DA:87,4
DA:88,4
DA:91,6
DA:93,1
DA:96,1
DA:97,6
DA:98,1
DA:101,5
DA:102,5
DA:103,5
DA:104,1
LF:57
LH:57
BRDA:47,0,0,1
BRDA:62,1,0,1
BRDA:65,2,0,6
BRDA:75,3,0,2
BRDA:76,4,0,1
BRDA:80,5,0,9
BRDA:80,5,1,1
BRDA:97,6,0,1
BRDA:103,7,0,1
BRF:9
BRH:9
end_of_record
